{
  "C:\\Users\\inder\\test\\7-MailIt\\src\\components\\login\\useCheckUser.js": {
    "path": "C:\\Users\\inder\\test\\7-MailIt\\src\\components\\login\\useCheckUser.js",
    "statementMap": {
      "0": {
        "start": {
          "line": 7,
          "column": 28
        },
        "end": {
          "line": 7,
          "column": 43
        }
      },
      "1": {
        "start": {
          "line": 10,
          "column": 8
        },
        "end": {
          "line": 23,
          "column": 10
        }
      },
      "2": {
        "start": {
          "line": 11,
          "column": 12
        },
        "end": {
          "line": 22,
          "column": 15
        }
      },
      "3": {
        "start": {
          "line": 12,
          "column": 16
        },
        "end": {
          "line": 19,
          "column": 17
        }
      },
      "4": {
        "start": {
          "line": 13,
          "column": 20
        },
        "end": {
          "line": 13,
          "column": 39
        }
      },
      "5": {
        "start": {
          "line": 14,
          "column": 20
        },
        "end": {
          "line": 14,
          "column": 33
        }
      },
      "6": {
        "start": {
          "line": 15,
          "column": 20
        },
        "end": {
          "line": 15,
          "column": 55
        }
      },
      "7": {
        "start": {
          "line": 16,
          "column": 20
        },
        "end": {
          "line": 16,
          "column": 29
        }
      },
      "8": {
        "start": {
          "line": 18,
          "column": 20
        },
        "end": {
          "line": 18,
          "column": 58
        }
      },
      "9": {
        "start": {
          "line": 21,
          "column": 16
        },
        "end": {
          "line": 21,
          "column": 25
        }
      },
      "10": {
        "start": {
          "line": 26,
          "column": 4
        },
        "end": {
          "line": 29,
          "column": 5
        }
      }
    },
    "fnMap": {
      "0": {
        "name": "useCheckUser",
        "decl": {
          "start": {
            "line": 4,
            "column": 24
          },
          "end": {
            "line": 4,
            "column": 36
          }
        },
        "loc": {
          "start": {
            "line": 4,
            "column": 39
          },
          "end": {
            "line": 30,
            "column": 1
          }
        },
        "line": 4
      },
      "1": {
        "name": "checkUser",
        "decl": {
          "start": {
            "line": 9,
            "column": 19
          },
          "end": {
            "line": 9,
            "column": 28
          }
        },
        "loc": {
          "start": {
            "line": 9,
            "column": 31
          },
          "end": {
            "line": 24,
            "column": 5
          }
        },
        "line": 9
      },
      "2": {
        "name": "(anonymous_2)",
        "decl": {
          "start": {
            "line": 10,
            "column": 27
          },
          "end": {
            "line": 10,
            "column": 28
          }
        },
        "loc": {
          "start": {
            "line": 10,
            "column": 48
          },
          "end": {
            "line": 23,
            "column": 9
          }
        },
        "line": 10
      },
      "3": {
        "name": "(anonymous_3)",
        "decl": {
          "start": {
            "line": 11,
            "column": 49
          },
          "end": {
            "line": 11,
            "column": 50
          }
        },
        "loc": {
          "start": {
            "line": 11,
            "column": 60
          },
          "end": {
            "line": 20,
            "column": 13
          }
        },
        "line": 11
      },
      "4": {
        "name": "(anonymous_4)",
        "decl": {
          "start": {
            "line": 20,
            "column": 21
          },
          "end": {
            "line": 20,
            "column": 22
          }
        },
        "loc": {
          "start": {
            "line": 20,
            "column": 28
          },
          "end": {
            "line": 22,
            "column": 13
          }
        },
        "line": 20
      }
    },
    "branchMap": {
      "0": {
        "loc": {
          "start": {
            "line": 12,
            "column": 16
          },
          "end": {
            "line": 19,
            "column": 17
          }
        },
        "type": "if",
        "locations": [
          {
            "start": {
              "line": 12,
              "column": 16
            },
            "end": {
              "line": 19,
              "column": 17
            }
          },
          {
            "start": {
              "line": 12,
              "column": 16
            },
            "end": {
              "line": 19,
              "column": 17
            }
          }
        ],
        "line": 12
      }
    },
    "s": {
      "0": 3863,
      "1": 77,
      "2": 77,
      "3": 37,
      "4": 37,
      "5": 37,
      "6": 37,
      "7": 37,
      "8": 0,
      "9": 40,
      "10": 3826
    },
    "f": {
      "0": 3863,
      "1": 77,
      "2": 77,
      "3": 37,
      "4": 40
    },
    "b": {
      "0": [
        37,
        0
      ]
    },
    "_coverageSchema": "1a1c01bbd47fc00a2c39e90264f33305004495a9",
    "hash": "f1b6af787c33f58f64a2cd0401f18479ebf13ed6"
  },
  "C:\\Users\\inder\\test\\7-MailIt\\src\\components\\login\\LoginPage.jsx": {
    "path": "C:\\Users\\inder\\test\\7-MailIt\\src\\components\\login\\LoginPage.jsx",
    "statementMap": {
      "0": {
        "start": {
          "line": 24,
          "column": 25
        },
        "end": {
          "line": 26,
          "column": 1
        }
      },
      "1": {
        "start": {
          "line": 28,
          "column": 18
        },
        "end": {
          "line": 58,
          "column": 3
        }
      },
      "2": {
        "start": {
          "line": 28,
          "column": 41
        },
        "end": {
          "line": 58,
          "column": 1
        }
      },
      "3": {
        "start": {
          "line": 61,
          "column": 20
        },
        "end": {
          "line": 61,
          "column": 31
        }
      },
      "4": {
        "start": {
          "line": 62,
          "column": 41
        },
        "end": {
          "line": 62,
          "column": 67
        }
      },
      "5": {
        "start": {
          "line": 63,
          "column": 43
        },
        "end": {
          "line": 63,
          "column": 58
        }
      },
      "6": {
        "start": {
          "line": 64,
          "column": 35
        },
        "end": {
          "line": 64,
          "column": 47
        }
      },
      "7": {
        "start": {
          "line": 65,
          "column": 32
        },
        "end": {
          "line": 65,
          "column": 46
        }
      },
      "8": {
        "start": {
          "line": 67,
          "column": 8
        },
        "end": {
          "line": 67,
          "column": 19
        }
      },
      "9": {
        "start": {
          "line": 68,
          "column": 8
        },
        "end": {
          "line": 68,
          "column": 80
        }
      },
      "10": {
        "start": {
          "line": 68,
          "column": 31
        },
        "end": {
          "line": 68,
          "column": 78
        }
      },
      "11": {
        "start": {
          "line": 71,
          "column": 23
        },
        "end": {
          "line": 71,
          "column": 32
        }
      },
      "12": {
        "start": {
          "line": 74,
          "column": 8
        },
        "end": {
          "line": 74,
          "column": 26
        }
      },
      "13": {
        "start": {
          "line": 75,
          "column": 8
        },
        "end": {
          "line": 75,
          "column": 31
        }
      },
      "14": {
        "start": {
          "line": 76,
          "column": 8
        },
        "end": {
          "line": 76,
          "column": 24
        }
      },
      "15": {
        "start": {
          "line": 77,
          "column": 34
        },
        "end": {
          "line": 77,
          "column": 43
        }
      },
      "16": {
        "start": {
          "line": 78,
          "column": 8
        },
        "end": {
          "line": 96,
          "column": 9
        }
      },
      "17": {
        "start": {
          "line": 79,
          "column": 12
        },
        "end": {
          "line": 79,
          "column": 34
        }
      },
      "18": {
        "start": {
          "line": 80,
          "column": 12
        },
        "end": {
          "line": 80,
          "column": 77
        }
      },
      "19": {
        "start": {
          "line": 81,
          "column": 15
        },
        "end": {
          "line": 96,
          "column": 9
        }
      },
      "20": {
        "start": {
          "line": 82,
          "column": 12
        },
        "end": {
          "line": 82,
          "column": 34
        }
      },
      "21": {
        "start": {
          "line": 83,
          "column": 12
        },
        "end": {
          "line": 83,
          "column": 74
        }
      },
      "22": {
        "start": {
          "line": 85,
          "column": 12
        },
        "end": {
          "line": 95,
          "column": 13
        }
      },
      "23": {
        "start": {
          "line": 86,
          "column": 16
        },
        "end": {
          "line": 86,
          "column": 51
        }
      },
      "24": {
        "start": {
          "line": 89,
          "column": 16
        },
        "end": {
          "line": 89,
          "column": 77
        }
      },
      "25": {
        "start": {
          "line": 89,
          "column": 39
        },
        "end": {
          "line": 89,
          "column": 75
        }
      },
      "26": {
        "start": {
          "line": 90,
          "column": 16
        },
        "end": {
          "line": 90,
          "column": 28
        }
      },
      "27": {
        "start": {
          "line": 94,
          "column": 16
        },
        "end": {
          "line": 94,
          "column": 52
        }
      },
      "28": {
        "start": {
          "line": 100,
          "column": 8
        },
        "end": {
          "line": 100,
          "column": 26
        }
      },
      "29": {
        "start": {
          "line": 101,
          "column": 8
        },
        "end": {
          "line": 101,
          "column": 79
        }
      },
      "30": {
        "start": {
          "line": 101,
          "column": 31
        },
        "end": {
          "line": 101,
          "column": 77
        }
      },
      "31": {
        "start": {
          "line": 104,
          "column": 41
        },
        "end": {
          "line": 120,
          "column": 5
        }
      },
      "32": {
        "start": {
          "line": 105,
          "column": 12
        },
        "end": {
          "line": 105,
          "column": 34
        }
      },
      "33": {
        "start": {
          "line": 106,
          "column": 12
        },
        "end": {
          "line": 118,
          "column": 13
        }
      },
      "34": {
        "start": {
          "line": 108,
          "column": 20
        },
        "end": {
          "line": 108,
          "column": 115
        }
      },
      "35": {
        "start": {
          "line": 109,
          "column": 20
        },
        "end": {
          "line": 109,
          "column": 26
        }
      },
      "36": {
        "start": {
          "line": 113,
          "column": 20
        },
        "end": {
          "line": 113,
          "column": 47
        }
      },
      "37": {
        "start": {
          "line": 114,
          "column": 20
        },
        "end": {
          "line": 114,
          "column": 26
        }
      },
      "38": {
        "start": {
          "line": 116,
          "column": 20
        },
        "end": {
          "line": 116,
          "column": 96
        }
      },
      "39": {
        "start": {
          "line": 117,
          "column": 20
        },
        "end": {
          "line": 117,
          "column": 26
        }
      },
      "40": {
        "start": {
          "line": 119,
          "column": 12
        },
        "end": {
          "line": 119,
          "column": 56
        }
      },
      "41": {
        "start": {
          "line": 123,
          "column": 8
        },
        "end": {
          "line": 123,
          "column": 27
        }
      },
      "42": {
        "start": {
          "line": 124,
          "column": 8
        },
        "end": {
          "line": 124,
          "column": 31
        }
      },
      "43": {
        "start": {
          "line": 125,
          "column": 8
        },
        "end": {
          "line": 125,
          "column": 24
        }
      },
      "44": {
        "start": {
          "line": 126,
          "column": 64
        },
        "end": {
          "line": 126,
          "column": 73
        }
      },
      "45": {
        "start": {
          "line": 127,
          "column": 8
        },
        "end": {
          "line": 154,
          "column": 9
        }
      },
      "46": {
        "start": {
          "line": 128,
          "column": 12
        },
        "end": {
          "line": 128,
          "column": 34
        }
      },
      "47": {
        "start": {
          "line": 129,
          "column": 12
        },
        "end": {
          "line": 129,
          "column": 67
        }
      },
      "48": {
        "start": {
          "line": 131,
          "column": 12
        },
        "end": {
          "line": 131,
          "column": 35
        }
      },
      "49": {
        "start": {
          "line": 132,
          "column": 12
        },
        "end": {
          "line": 153,
          "column": 14
        }
      },
      "50": {
        "start": {
          "line": 134,
          "column": 16
        },
        "end": {
          "line": 150,
          "column": 17
        }
      },
      "51": {
        "start": {
          "line": 135,
          "column": 20
        },
        "end": {
          "line": 146,
          "column": 23
        }
      },
      "52": {
        "start": {
          "line": 139,
          "column": 24
        },
        "end": {
          "line": 139,
          "column": 47
        }
      },
      "53": {
        "start": {
          "line": 140,
          "column": 24
        },
        "end": {
          "line": 140,
          "column": 85
        }
      },
      "54": {
        "start": {
          "line": 140,
          "column": 47
        },
        "end": {
          "line": 140,
          "column": 83
        }
      },
      "55": {
        "start": {
          "line": 143,
          "column": 24
        },
        "end": {
          "line": 143,
          "column": 52
        }
      },
      "56": {
        "start": {
          "line": 144,
          "column": 24
        },
        "end": {
          "line": 144,
          "column": 46
        }
      },
      "57": {
        "start": {
          "line": 145,
          "column": 24
        },
        "end": {
          "line": 145,
          "column": 78
        }
      },
      "58": {
        "start": {
          "line": 148,
          "column": 20
        },
        "end": {
          "line": 148,
          "column": 42
        }
      },
      "59": {
        "start": {
          "line": 149,
          "column": 20
        },
        "end": {
          "line": 149,
          "column": 121
        }
      },
      "60": {
        "start": {
          "line": 152,
          "column": 16
        },
        "end": {
          "line": 152,
          "column": 52
        }
      },
      "61": {
        "start": {
          "line": 158,
          "column": 4
        },
        "end": {
          "line": 347,
          "column": 6
        }
      }
    },
    "fnMap": {
      "0": {
        "name": "(anonymous_0)",
        "decl": {
          "start": {
            "line": 28,
            "column": 29
          },
          "end": {
            "line": 28,
            "column": 30
          }
        },
        "loc": {
          "start": {
            "line": 28,
            "column": 41
          },
          "end": {
            "line": 58,
            "column": 1
          }
        },
        "line": 28
      },
      "1": {
        "name": "LoginPage",
        "decl": {
          "start": {
            "line": 60,
            "column": 9
          },
          "end": {
            "line": 60,
            "column": 18
          }
        },
        "loc": {
          "start": {
            "line": 60,
            "column": 21
          },
          "end": {
            "line": 348,
            "column": 1
          }
        },
        "line": 60
      },
      "2": {
        "name": "onChange",
        "decl": {
          "start": {
            "line": 66,
            "column": 13
          },
          "end": {
            "line": 66,
            "column": 21
          }
        },
        "loc": {
          "start": {
            "line": 66,
            "column": 25
          },
          "end": {
            "line": 69,
            "column": 5
          }
        },
        "line": 66
      },
      "3": {
        "name": "(anonymous_3)",
        "decl": {
          "start": {
            "line": 68,
            "column": 24
          },
          "end": {
            "line": 68,
            "column": 25
          }
        },
        "loc": {
          "start": {
            "line": 68,
            "column": 31
          },
          "end": {
            "line": 68,
            "column": 78
          }
        },
        "line": 68
      },
      "4": {
        "name": "signIn",
        "decl": {
          "start": {
            "line": 73,
            "column": 19
          },
          "end": {
            "line": 73,
            "column": 25
          }
        },
        "loc": {
          "start": {
            "line": 73,
            "column": 29
          },
          "end": {
            "line": 97,
            "column": 5
          }
        },
        "line": 73
      },
      "5": {
        "name": "(anonymous_5)",
        "decl": {
          "start": {
            "line": 89,
            "column": 32
          },
          "end": {
            "line": 89,
            "column": 33
          }
        },
        "loc": {
          "start": {
            "line": 89,
            "column": 39
          },
          "end": {
            "line": 89,
            "column": 75
          }
        },
        "line": 89
      },
      "6": {
        "name": "confirmCredentials",
        "decl": {
          "start": {
            "line": 99,
            "column": 13
          },
          "end": {
            "line": 99,
            "column": 31
          }
        },
        "loc": {
          "start": {
            "line": 99,
            "column": 35
          },
          "end": {
            "line": 102,
            "column": 5
          }
        },
        "line": 99
      },
      "7": {
        "name": "(anonymous_7)",
        "decl": {
          "start": {
            "line": 101,
            "column": 24
          },
          "end": {
            "line": 101,
            "column": 25
          }
        },
        "loc": {
          "start": {
            "line": 101,
            "column": 31
          },
          "end": {
            "line": 101,
            "column": 77
          }
        },
        "line": 101
      },
      "8": {
        "name": "(anonymous_8)",
        "decl": {
          "start": {
            "line": 104,
            "column": 41
          },
          "end": {
            "line": 104,
            "column": 42
          }
        },
        "loc": {
          "start": {
            "line": 104,
            "column": 52
          },
          "end": {
            "line": 120,
            "column": 5
          }
        },
        "line": 104
      },
      "9": {
        "name": "confirmAndSignIn",
        "decl": {
          "start": {
            "line": 122,
            "column": 19
          },
          "end": {
            "line": 122,
            "column": 35
          }
        },
        "loc": {
          "start": {
            "line": 122,
            "column": 39
          },
          "end": {
            "line": 156,
            "column": 5
          }
        },
        "line": 122
      },
      "10": {
        "name": "(anonymous_10)",
        "decl": {
          "start": {
            "line": 133,
            "column": 18
          },
          "end": {
            "line": 133,
            "column": 19
          }
        },
        "loc": {
          "start": {
            "line": 133,
            "column": 26
          },
          "end": {
            "line": 151,
            "column": 13
          }
        },
        "line": 133
      },
      "11": {
        "name": "(anonymous_11)",
        "decl": {
          "start": {
            "line": 138,
            "column": 27
          },
          "end": {
            "line": 138,
            "column": 28
          }
        },
        "loc": {
          "start": {
            "line": 138,
            "column": 35
          },
          "end": {
            "line": 142,
            "column": 21
          }
        },
        "line": 138
      },
      "12": {
        "name": "(anonymous_12)",
        "decl": {
          "start": {
            "line": 140,
            "column": 40
          },
          "end": {
            "line": 140,
            "column": 41
          }
        },
        "loc": {
          "start": {
            "line": 140,
            "column": 47
          },
          "end": {
            "line": 140,
            "column": 83
          }
        },
        "line": 140
      },
      "13": {
        "name": "(anonymous_13)",
        "decl": {
          "start": {
            "line": 142,
            "column": 29
          },
          "end": {
            "line": 142,
            "column": 30
          }
        },
        "loc": {
          "start": {
            "line": 142,
            "column": 38
          },
          "end": {
            "line": 146,
            "column": 21
          }
        },
        "line": 142
      },
      "14": {
        "name": "(anonymous_14)",
        "decl": {
          "start": {
            "line": 151,
            "column": 21
          },
          "end": {
            "line": 151,
            "column": 22
          }
        },
        "loc": {
          "start": {
            "line": 151,
            "column": 30
          },
          "end": {
            "line": 153,
            "column": 13
          }
        },
        "line": 151
      }
    },
    "branchMap": {
      "0": {
        "loc": {
          "start": {
            "line": 37,
            "column": 12
          },
          "end": {
            "line": 37,
            "column": 93
          }
        },
        "type": "cond-expr",
        "locations": [
          {
            "start": {
              "line": 37,
              "column": 45
            },
            "end": {
              "line": 37,
              "column": 67
            }
          },
          {
            "start": {
              "line": 37,
              "column": 70
            },
            "end": {
              "line": 37,
              "column": 93
            }
          }
        ],
        "line": 37
      },
      "1": {
        "loc": {
          "start": {
            "line": 78,
            "column": 8
          },
          "end": {
            "line": 96,
            "column": 9
          }
        },
        "type": "if",
        "locations": [
          {
            "start": {
              "line": 78,
              "column": 8
            },
            "end": {
              "line": 96,
              "column": 9
            }
          },
          {
            "start": {
              "line": 78,
              "column": 8
            },
            "end": {
              "line": 96,
              "column": 9
            }
          }
        ],
        "line": 78
      },
      "2": {
        "loc": {
          "start": {
            "line": 81,
            "column": 15
          },
          "end": {
            "line": 96,
            "column": 9
          }
        },
        "type": "if",
        "locations": [
          {
            "start": {
              "line": 81,
              "column": 15
            },
            "end": {
              "line": 96,
              "column": 9
            }
          },
          {
            "start": {
              "line": 81,
              "column": 15
            },
            "end": {
              "line": 96,
              "column": 9
            }
          }
        ],
        "line": 81
      },
      "3": {
        "loc": {
          "start": {
            "line": 81,
            "column": 18
          },
          "end": {
            "line": 81,
            "column": 49
          }
        },
        "type": "binary-expr",
        "locations": [
          {
            "start": {
              "line": 81,
              "column": 18
            },
            "end": {
              "line": 81,
              "column": 30
            }
          },
          {
            "start": {
              "line": 81,
              "column": 34
            },
            "end": {
              "line": 81,
              "column": 49
            }
          }
        ],
        "line": 81
      },
      "4": {
        "loc": {
          "start": {
            "line": 106,
            "column": 12
          },
          "end": {
            "line": 118,
            "column": 13
          }
        },
        "type": "switch",
        "locations": [
          {
            "start": {
              "line": 107,
              "column": 16
            },
            "end": {
              "line": 109,
              "column": 26
            }
          },
          {
            "start": {
              "line": 110,
              "column": 16
            },
            "end": {
              "line": 110,
              "column": 49
            }
          },
          {
            "start": {
              "line": 111,
              "column": 16
            },
            "end": {
              "line": 111,
              "column": 55
            }
          },
          {
            "start": {
              "line": 112,
              "column": 16
            },
            "end": {
              "line": 114,
              "column": 26
            }
          },
          {
            "start": {
              "line": 115,
              "column": 16
            },
            "end": {
              "line": 117,
              "column": 26
            }
          }
        ],
        "line": 106
      },
      "5": {
        "loc": {
          "start": {
            "line": 127,
            "column": 8
          },
          "end": {
            "line": 154,
            "column": 9
          }
        },
        "type": "if",
        "locations": [
          {
            "start": {
              "line": 127,
              "column": 8
            },
            "end": {
              "line": 154,
              "column": 9
            }
          },
          {
            "start": {
              "line": 127,
              "column": 8
            },
            "end": {
              "line": 154,
              "column": 9
            }
          }
        ],
        "line": 127
      },
      "6": {
        "loc": {
          "start": {
            "line": 134,
            "column": 16
          },
          "end": {
            "line": 150,
            "column": 17
          }
        },
        "type": "if",
        "locations": [
          {
            "start": {
              "line": 134,
              "column": 16
            },
            "end": {
              "line": 150,
              "column": 17
            }
          },
          {
            "start": {
              "line": 134,
              "column": 16
            },
            "end": {
              "line": 150,
              "column": 17
            }
          }
        ],
        "line": 134
      },
      "7": {
        "loc": {
          "start": {
            "line": 160,
            "column": 12
          },
          "end": {
            "line": 235,
            "column": 13
          }
        },
        "type": "binary-expr",
        "locations": [
          {
            "start": {
              "line": 160,
              "column": 12
            },
            "end": {
              "line": 160,
              "column": 33
            }
          },
          {
            "start": {
              "line": 161,
              "column": 16
            },
            "end": {
              "line": 234,
              "column": 22
            }
          }
        ],
        "line": 160
      },
      "8": {
        "loc": {
          "start": {
            "line": 201,
            "column": 37
          },
          "end": {
            "line": 201,
            "column": 97
          }
        },
        "type": "cond-expr",
        "locations": [
          {
            "start": {
              "line": 201,
              "column": 50
            },
            "end": {
              "line": 201,
              "column": 92
            }
          },
          {
            "start": {
              "line": 201,
              "column": 93
            },
            "end": {
              "line": 201,
              "column": 97
            }
          }
        ],
        "line": 201
      },
      "9": {
        "loc": {
          "start": {
            "line": 238,
            "column": 16
          },
          "end": {
            "line": 339,
            "column": 17
          }
        },
        "type": "binary-expr",
        "locations": [
          {
            "start": {
              "line": 238,
              "column": 16
            },
            "end": {
              "line": 238,
              "column": 49
            }
          },
          {
            "start": {
              "line": 239,
              "column": 20
            },
            "end": {
              "line": 338,
              "column": 27
            }
          }
        ],
        "line": 238
      },
      "10": {
        "loc": {
          "start": {
            "line": 307,
            "column": 37
          },
          "end": {
            "line": 307,
            "column": 97
          }
        },
        "type": "cond-expr",
        "locations": [
          {
            "start": {
              "line": 307,
              "column": 50
            },
            "end": {
              "line": 307,
              "column": 92
            }
          },
          {
            "start": {
              "line": 307,
              "column": 93
            },
            "end": {
              "line": 307,
              "column": 97
            }
          }
        ],
        "line": 307
      },
      "11": {
        "loc": {
          "start": {
            "line": 342,
            "column": 16
          },
          "end": {
            "line": 344,
            "column": 17
          }
        },
        "type": "binary-expr",
        "locations": [
          {
            "start": {
              "line": 342,
              "column": 16
            },
            "end": {
              "line": 342,
              "column": 39
            }
          },
          {
            "start": {
              "line": 343,
              "column": 20
            },
            "end": {
              "line": 343,
              "column": 47
            }
          }
        ],
        "line": 342
      }
    },
    "s": {
      "0": 40,
      "1": 40,
      "2": 40,
      "3": 3750,
      "4": 3746,
      "5": 3746,
      "6": 3746,
      "7": 3746,
      "8": 1770,
      "9": 1770,
      "10": 3348,
      "11": 3746,
      "12": 40,
      "13": 40,
      "14": 40,
      "15": 40,
      "16": 40,
      "17": 0,
      "18": 0,
      "19": 40,
      "20": 0,
      "21": 0,
      "22": 40,
      "23": 40,
      "24": 37,
      "25": 37,
      "26": 37,
      "27": 3,
      "28": 4,
      "29": 4,
      "30": 4,
      "31": 3746,
      "32": 3,
      "33": 3,
      "34": 0,
      "35": 0,
      "36": 3,
      "37": 3,
      "38": 0,
      "39": 0,
      "40": 3,
      "41": 4,
      "42": 4,
      "43": 4,
      "44": 4,
      "45": 4,
      "46": 0,
      "47": 0,
      "48": 4,
      "49": 4,
      "50": 4,
      "51": 0,
      "52": 0,
      "53": 0,
      "54": 0,
      "55": 0,
      "56": 0,
      "57": 0,
      "58": 4,
      "59": 4,
      "60": 0,
      "61": 3746
    },
    "f": {
      "0": 40,
      "1": 3750,
      "2": 1770,
      "3": 3348,
      "4": 40,
      "5": 37,
      "6": 4,
      "7": 4,
      "8": 3,
      "9": 4,
      "10": 4,
      "11": 0,
      "12": 0,
      "13": 0,
      "14": 0
    },
    "b": {
      "0": [
        40,
        0
      ],
      "1": [
        0,
        40
      ],
      "2": [
        0,
        40
      ],
      "3": [
        40,
        40
      ],
      "4": [
        0,
        0,
        0,
        3,
        0
      ],
      "5": [
        0,
        4
      ],
      "6": [
        0,
        4
      ],
      "7": [
        3746,
        3216
      ],
      "8": [
        12,
        3204
      ],
      "9": [
        3746,
        456
      ],
      "10": [
        16,
        440
      ],
      "11": [
        3746,
        74
      ]
    },
    "_coverageSchema": "1a1c01bbd47fc00a2c39e90264f33305004495a9",
    "hash": "984c532595f1db93250fed00d2703505f3df118f"
  },
  "C:\\Users\\inder\\test\\7-MailIt\\src\\components\\Table.js": {
    "path": "C:\\Users\\inder\\test\\7-MailIt\\src\\components\\Table.js",
    "statementMap": {
      "0": {
        "start": {
          "line": 43,
          "column": 8
        },
        "end": {
          "line": 43,
          "column": 21
        }
      },
      "1": {
        "start": {
          "line": 44,
          "column": 8
        },
        "end": {
          "line": 47,
          "column": 9
        }
      },
      "2": {
        "start": {
          "line": 48,
          "column": 8
        },
        "end": {
          "line": 48,
          "column": 32
        }
      },
      "3": {
        "start": {
          "line": 51,
          "column": 8
        },
        "end": {
          "line": 54,
          "column": 9
        }
      },
      "4": {
        "start": {
          "line": 52,
          "column": 12
        },
        "end": {
          "line": 52,
          "column": 37
        }
      },
      "5": {
        "start": {
          "line": 53,
          "column": 12
        },
        "end": {
          "line": 53,
          "column": 53
        }
      },
      "6": {
        "start": {
          "line": 56,
          "column": 20
        },
        "end": {
          "line": 92,
          "column": 7
        }
      },
      "7": {
        "start": {
          "line": 57,
          "column": 8
        },
        "end": {
          "line": 57,
          "column": 52
        }
      },
      "8": {
        "start": {
          "line": 58,
          "column": 23
        },
        "end": {
          "line": 58,
          "column": 66
        }
      },
      "9": {
        "start": {
          "line": 59,
          "column": 18
        },
        "end": {
          "line": 59,
          "column": 34
        }
      },
      "10": {
        "start": {
          "line": 64,
          "column": 16
        },
        "end": {
          "line": 64,
          "column": 42
        }
      },
      "11": {
        "start": {
          "line": 65,
          "column": 8
        },
        "end": {
          "line": 85,
          "column": 13
        }
      },
      "12": {
        "start": {
          "line": 65,
          "column": 21
        },
        "end": {
          "line": 65,
          "column": 22
        }
      },
      "13": {
        "start": {
          "line": 66,
          "column": 12
        },
        "end": {
          "line": 85,
          "column": 13
        }
      },
      "14": {
        "start": {
          "line": 66,
          "column": 25
        },
        "end": {
          "line": 66,
          "column": 26
        }
      },
      "15": {
        "start": {
          "line": 67,
          "column": 16
        },
        "end": {
          "line": 85,
          "column": 13
        }
      },
      "16": {
        "start": {
          "line": 68,
          "column": 20
        },
        "end": {
          "line": 75,
          "column": 21
        }
      },
      "17": {
        "start": {
          "line": 70,
          "column": 20
        },
        "end": {
          "line": 74,
          "column": 21
        }
      },
      "18": {
        "start": {
          "line": 70,
          "column": 32
        },
        "end": {
          "line": 70,
          "column": 33
        }
      },
      "19": {
        "start": {
          "line": 71,
          "column": 35
        },
        "end": {
          "line": 71,
          "column": 52
        }
      },
      "20": {
        "start": {
          "line": 72,
          "column": 24
        },
        "end": {
          "line": 72,
          "column": 64
        }
      },
      "21": {
        "start": {
          "line": 73,
          "column": 24
        },
        "end": {
          "line": 73,
          "column": 51
        }
      },
      "22": {
        "start": {
          "line": 77,
          "column": 16
        },
        "end": {
          "line": 84,
          "column": 17
        }
      },
      "23": {
        "start": {
          "line": 79,
          "column": 16
        },
        "end": {
          "line": 83,
          "column": 17
        }
      },
      "24": {
        "start": {
          "line": 79,
          "column": 28
        },
        "end": {
          "line": 79,
          "column": 29
        }
      },
      "25": {
        "start": {
          "line": 80,
          "column": 31
        },
        "end": {
          "line": 80,
          "column": 48
        }
      },
      "26": {
        "start": {
          "line": 81,
          "column": 20
        },
        "end": {
          "line": 81,
          "column": 60
        }
      },
      "27": {
        "start": {
          "line": 82,
          "column": 20
        },
        "end": {
          "line": 82,
          "column": 47
        }
      },
      "28": {
        "start": {
          "line": 86,
          "column": 35
        },
        "end": {
          "line": 86,
          "column": 67
        }
      },
      "29": {
        "start": {
          "line": 87,
          "column": 8
        },
        "end": {
          "line": 87,
          "column": 68
        }
      },
      "30": {
        "start": {
          "line": 88,
          "column": 8
        },
        "end": {
          "line": 88,
          "column": 76
        }
      },
      "31": {
        "start": {
          "line": 94,
          "column": 8
        },
        "end": {
          "line": 118,
          "column": 9
        }
      },
      "32": {
        "start": {
          "line": 95,
          "column": 12
        },
        "end": {
          "line": 102,
          "column": 14
        }
      },
      "33": {
        "start": {
          "line": 103,
          "column": 15
        },
        "end": {
          "line": 118,
          "column": 9
        }
      },
      "34": {
        "start": {
          "line": 104,
          "column": 12
        },
        "end": {
          "line": 113,
          "column": 14
        }
      },
      "35": {
        "start": {
          "line": 115,
          "column": 12
        },
        "end": {
          "line": 117,
          "column": 14
        }
      },
      "36": {
        "start": {
          "line": 123,
          "column": 8
        },
        "end": {
          "line": 140,
          "column": 9
        }
      },
      "37": {
        "start": {
          "line": 126,
          "column": 20
        },
        "end": {
          "line": 137,
          "column": 21
        }
      },
      "38": {
        "start": {
          "line": 127,
          "column": 24
        },
        "end": {
          "line": 136,
          "column": 26
        }
      },
      "39": {
        "start": {
          "line": 131,
          "column": 98
        },
        "end": {
          "line": 131,
          "column": 119
        }
      },
      "40": {
        "start": {
          "line": 144,
          "column": 8
        },
        "end": {
          "line": 148,
          "column": 9
        }
      },
      "41": {
        "start": {
          "line": 146,
          "column": 16
        },
        "end": {
          "line": 146,
          "column": 61
        }
      },
      "42": {
        "start": {
          "line": 152,
          "column": 8
        },
        "end": {
          "line": 162,
          "column": 9
        }
      },
      "43": {
        "start": {
          "line": 154,
          "column": 16
        },
        "end": {
          "line": 160,
          "column": 17
        }
      },
      "44": {
        "start": {
          "line": 155,
          "column": 20
        },
        "end": {
          "line": 159,
          "column": 21
        }
      },
      "45": {
        "start": {
          "line": 166,
          "column": 19
        },
        "end": {
          "line": 166,
          "column": 30
        }
      },
      "46": {
        "start": {
          "line": 167,
          "column": 8
        },
        "end": {
          "line": 169,
          "column": 9
        }
      },
      "47": {
        "start": {
          "line": 168,
          "column": 12
        },
        "end": {
          "line": 168,
          "column": 26
        }
      },
      "48": {
        "start": {
          "line": 170,
          "column": 8
        },
        "end": {
          "line": 185,
          "column": 9
        }
      },
      "49": {
        "start": {
          "line": 171,
          "column": 12
        },
        "end": {
          "line": 171,
          "column": 24
        }
      },
      "50": {
        "start": {
          "line": 172,
          "column": 15
        },
        "end": {
          "line": 185,
          "column": 9
        }
      },
      "51": {
        "start": {
          "line": 173,
          "column": 12
        },
        "end": {
          "line": 184,
          "column": 13
        }
      },
      "52": {
        "start": {
          "line": 174,
          "column": 27
        },
        "end": {
          "line": 174,
          "column": 69
        }
      },
      "53": {
        "start": {
          "line": 175,
          "column": 16
        },
        "end": {
          "line": 183,
          "column": 27
        }
      },
      "54": {
        "start": {
          "line": 189,
          "column": 28
        },
        "end": {
          "line": 189,
          "column": 46
        }
      },
      "55": {
        "start": {
          "line": 190,
          "column": 8
        },
        "end": {
          "line": 190,
          "column": 92
        }
      },
      "56": {
        "start": {
          "line": 190,
          "column": 64
        },
        "end": {
          "line": 190,
          "column": 69
        }
      },
      "57": {
        "start": {
          "line": 194,
          "column": 28
        },
        "end": {
          "line": 194,
          "column": 46
        }
      },
      "58": {
        "start": {
          "line": 195,
          "column": 8
        },
        "end": {
          "line": 199,
          "column": 9
        }
      },
      "59": {
        "start": {
          "line": 196,
          "column": 12
        },
        "end": {
          "line": 198,
          "column": 13
        }
      },
      "60": {
        "start": {
          "line": 197,
          "column": 16
        },
        "end": {
          "line": 197,
          "column": 28
        }
      },
      "61": {
        "start": {
          "line": 200,
          "column": 8
        },
        "end": {
          "line": 200,
          "column": 21
        }
      }
    },
    "fnMap": {
      "0": {
        "name": "(anonymous_0)",
        "decl": {
          "start": {
            "line": 42,
            "column": 4
          },
          "end": {
            "line": 42,
            "column": 5
          }
        },
        "loc": {
          "start": {
            "line": 42,
            "column": 23
          },
          "end": {
            "line": 49,
            "column": 5
          }
        },
        "line": 42
      },
      "1": {
        "name": "(anonymous_1)",
        "decl": {
          "start": {
            "line": 50,
            "column": 4
          },
          "end": {
            "line": 50,
            "column": 5
          }
        },
        "loc": {
          "start": {
            "line": 50,
            "column": 41
          },
          "end": {
            "line": 55,
            "column": 5
          }
        },
        "line": 50
      },
      "2": {
        "name": "(anonymous_2)",
        "decl": {
          "start": {
            "line": 56,
            "column": 20
          },
          "end": {
            "line": 56,
            "column": 21
          }
        },
        "loc": {
          "start": {
            "line": 56,
            "column": 32
          },
          "end": {
            "line": 92,
            "column": 7
          }
        },
        "line": 56
      },
      "3": {
        "name": "(anonymous_3)",
        "decl": {
          "start": {
            "line": 93,
            "column": 4
          },
          "end": {
            "line": 93,
            "column": 5
          }
        },
        "loc": {
          "start": {
            "line": 93,
            "column": 13
          },
          "end": {
            "line": 119,
            "column": 5
          }
        },
        "line": 93
      },
      "4": {
        "name": "(anonymous_4)",
        "decl": {
          "start": {
            "line": 122,
            "column": 4
          },
          "end": {
            "line": 122,
            "column": 5
          }
        },
        "loc": {
          "start": {
            "line": 122,
            "column": 24
          },
          "end": {
            "line": 141,
            "column": 5
          }
        },
        "line": 122
      },
      "5": {
        "name": "(anonymous_5)",
        "decl": {
          "start": {
            "line": 125,
            "column": 45
          },
          "end": {
            "line": 125,
            "column": 46
          }
        },
        "loc": {
          "start": {
            "line": 125,
            "column": 60
          },
          "end": {
            "line": 138,
            "column": 17
          }
        },
        "line": 125
      },
      "6": {
        "name": "(anonymous_6)",
        "decl": {
          "start": {
            "line": 131,
            "column": 92
          },
          "end": {
            "line": 131,
            "column": 93
          }
        },
        "loc": {
          "start": {
            "line": 131,
            "column": 98
          },
          "end": {
            "line": 131,
            "column": 119
          }
        },
        "line": 131
      },
      "7": {
        "name": "(anonymous_7)",
        "decl": {
          "start": {
            "line": 143,
            "column": 4
          },
          "end": {
            "line": 143,
            "column": 5
          }
        },
        "loc": {
          "start": {
            "line": 143,
            "column": 22
          },
          "end": {
            "line": 149,
            "column": 5
          }
        },
        "line": 143
      },
      "8": {
        "name": "(anonymous_8)",
        "decl": {
          "start": {
            "line": 145,
            "column": 59
          },
          "end": {
            "line": 145,
            "column": 60
          }
        },
        "loc": {
          "start": {
            "line": 145,
            "column": 66
          },
          "end": {
            "line": 147,
            "column": 13
          }
        },
        "line": 145
      },
      "9": {
        "name": "(anonymous_9)",
        "decl": {
          "start": {
            "line": 151,
            "column": 4
          },
          "end": {
            "line": 151,
            "column": 5
          }
        },
        "loc": {
          "start": {
            "line": 151,
            "column": 17
          },
          "end": {
            "line": 163,
            "column": 5
          }
        },
        "line": 151
      },
      "10": {
        "name": "(anonymous_10)",
        "decl": {
          "start": {
            "line": 153,
            "column": 40
          },
          "end": {
            "line": 153,
            "column": 41
          }
        },
        "loc": {
          "start": {
            "line": 153,
            "column": 56
          },
          "end": {
            "line": 161,
            "column": 13
          }
        },
        "line": 153
      },
      "11": {
        "name": "(anonymous_11)",
        "decl": {
          "start": {
            "line": 165,
            "column": 4
          },
          "end": {
            "line": 165,
            "column": 5
          }
        },
        "loc": {
          "start": {
            "line": 165,
            "column": 21
          },
          "end": {
            "line": 186,
            "column": 5
          }
        },
        "line": 165
      },
      "12": {
        "name": "(anonymous_12)",
        "decl": {
          "start": {
            "line": 188,
            "column": 4
          },
          "end": {
            "line": 188,
            "column": 5
          }
        },
        "loc": {
          "start": {
            "line": 188,
            "column": 29
          },
          "end": {
            "line": 191,
            "column": 5
          }
        },
        "line": 188
      },
      "13": {
        "name": "(anonymous_13)",
        "decl": {
          "start": {
            "line": 190,
            "column": 51
          },
          "end": {
            "line": 190,
            "column": 52
          }
        },
        "loc": {
          "start": {
            "line": 190,
            "column": 64
          },
          "end": {
            "line": 190,
            "column": 69
          }
        },
        "line": 190
      },
      "14": {
        "name": "(anonymous_14)",
        "decl": {
          "start": {
            "line": 193,
            "column": 4
          },
          "end": {
            "line": 193,
            "column": 5
          }
        },
        "loc": {
          "start": {
            "line": 193,
            "column": 38
          },
          "end": {
            "line": 201,
            "column": 5
          }
        },
        "line": 193
      }
    },
    "branchMap": {
      "0": {
        "loc": {
          "start": {
            "line": 51,
            "column": 8
          },
          "end": {
            "line": 54,
            "column": 9
          }
        },
        "type": "if",
        "locations": [
          {
            "start": {
              "line": 51,
              "column": 8
            },
            "end": {
              "line": 54,
              "column": 9
            }
          },
          {
            "start": {
              "line": 51,
              "column": 8
            },
            "end": {
              "line": 54,
              "column": 9
            }
          }
        ],
        "line": 51
      },
      "1": {
        "loc": {
          "start": {
            "line": 67,
            "column": 16
          },
          "end": {
            "line": 85,
            "column": 13
          }
        },
        "type": "if",
        "locations": [
          {
            "start": {
              "line": 67,
              "column": 16
            },
            "end": {
              "line": 85,
              "column": 13
            }
          },
          {
            "start": {
              "line": 67,
              "column": 16
            },
            "end": {
              "line": 85,
              "column": 13
            }
          }
        ],
        "line": 67
      },
      "2": {
        "loc": {
          "start": {
            "line": 68,
            "column": 20
          },
          "end": {
            "line": 75,
            "column": 21
          }
        },
        "type": "if",
        "locations": [
          {
            "start": {
              "line": 68,
              "column": 20
            },
            "end": {
              "line": 75,
              "column": 21
            }
          },
          {
            "start": {
              "line": 68,
              "column": 20
            },
            "end": {
              "line": 75,
              "column": 21
            }
          }
        ],
        "line": 68
      },
      "3": {
        "loc": {
          "start": {
            "line": 77,
            "column": 16
          },
          "end": {
            "line": 84,
            "column": 17
          }
        },
        "type": "if",
        "locations": [
          {
            "start": {
              "line": 77,
              "column": 16
            },
            "end": {
              "line": 84,
              "column": 17
            }
          },
          {
            "start": {
              "line": 77,
              "column": 16
            },
            "end": {
              "line": 84,
              "column": 17
            }
          }
        ],
        "line": 77
      },
      "4": {
        "loc": {
          "start": {
            "line": 94,
            "column": 8
          },
          "end": {
            "line": 118,
            "column": 9
          }
        },
        "type": "if",
        "locations": [
          {
            "start": {
              "line": 94,
              "column": 8
            },
            "end": {
              "line": 118,
              "column": 9
            }
          },
          {
            "start": {
              "line": 94,
              "column": 8
            },
            "end": {
              "line": 118,
              "column": 9
            }
          }
        ],
        "line": 94
      },
      "5": {
        "loc": {
          "start": {
            "line": 103,
            "column": 15
          },
          "end": {
            "line": 118,
            "column": 9
          }
        },
        "type": "if",
        "locations": [
          {
            "start": {
              "line": 103,
              "column": 15
            },
            "end": {
              "line": 118,
              "column": 9
            }
          },
          {
            "start": {
              "line": 103,
              "column": 15
            },
            "end": {
              "line": 118,
              "column": 9
            }
          }
        ],
        "line": 103
      },
      "6": {
        "loc": {
          "start": {
            "line": 126,
            "column": 20
          },
          "end": {
            "line": 137,
            "column": 21
          }
        },
        "type": "if",
        "locations": [
          {
            "start": {
              "line": 126,
              "column": 20
            },
            "end": {
              "line": 137,
              "column": 21
            }
          },
          {
            "start": {
              "line": 126,
              "column": 20
            },
            "end": {
              "line": 137,
              "column": 21
            }
          }
        ],
        "line": 126
      },
      "7": {
        "loc": {
          "start": {
            "line": 130,
            "column": 33
          },
          "end": {
            "line": 134,
            "column": 73
          }
        },
        "type": "cond-expr",
        "locations": [
          {
            "start": {
              "line": 131,
              "column": 32
            },
            "end": {
              "line": 133,
              "column": 41
            }
          },
          {
            "start": {
              "line": 134,
              "column": 60
            },
            "end": {
              "line": 134,
              "column": 73
            }
          }
        ],
        "line": 130
      },
      "8": {
        "loc": {
          "start": {
            "line": 154,
            "column": 16
          },
          "end": {
            "line": 160,
            "column": 17
          }
        },
        "type": "if",
        "locations": [
          {
            "start": {
              "line": 154,
              "column": 16
            },
            "end": {
              "line": 160,
              "column": 17
            }
          },
          {
            "start": {
              "line": 154,
              "column": 16
            },
            "end": {
              "line": 160,
              "column": 17
            }
          }
        ],
        "line": 154
      },
      "9": {
        "loc": {
          "start": {
            "line": 167,
            "column": 8
          },
          "end": {
            "line": 169,
            "column": 9
          }
        },
        "type": "if",
        "locations": [
          {
            "start": {
              "line": 167,
              "column": 8
            },
            "end": {
              "line": 169,
              "column": 9
            }
          },
          {
            "start": {
              "line": 167,
              "column": 8
            },
            "end": {
              "line": 169,
              "column": 9
            }
          }
        ],
        "line": 167
      },
      "10": {
        "loc": {
          "start": {
            "line": 170,
            "column": 8
          },
          "end": {
            "line": 185,
            "column": 9
          }
        },
        "type": "if",
        "locations": [
          {
            "start": {
              "line": 170,
              "column": 8
            },
            "end": {
              "line": 185,
              "column": 9
            }
          },
          {
            "start": {
              "line": 170,
              "column": 8
            },
            "end": {
              "line": 185,
              "column": 9
            }
          }
        ],
        "line": 170
      },
      "11": {
        "loc": {
          "start": {
            "line": 172,
            "column": 15
          },
          "end": {
            "line": 185,
            "column": 9
          }
        },
        "type": "if",
        "locations": [
          {
            "start": {
              "line": 172,
              "column": 15
            },
            "end": {
              "line": 185,
              "column": 9
            }
          },
          {
            "start": {
              "line": 172,
              "column": 15
            },
            "end": {
              "line": 185,
              "column": 9
            }
          }
        ],
        "line": 172
      },
      "12": {
        "loc": {
          "start": {
            "line": 173,
            "column": 12
          },
          "end": {
            "line": 184,
            "column": 13
          }
        },
        "type": "if",
        "locations": [
          {
            "start": {
              "line": 173,
              "column": 12
            },
            "end": {
              "line": 184,
              "column": 13
            }
          },
          {
            "start": {
              "line": 173,
              "column": 12
            },
            "end": {
              "line": 184,
              "column": 13
            }
          }
        ],
        "line": 173
      },
      "13": {
        "loc": {
          "start": {
            "line": 174,
            "column": 27
          },
          "end": {
            "line": 174,
            "column": 69
          }
        },
        "type": "cond-expr",
        "locations": [
          {
            "start": {
              "line": 174,
              "column": 46
            },
            "end": {
              "line": 174,
              "column": 62
            }
          },
          {
            "start": {
              "line": 174,
              "column": 65
            },
            "end": {
              "line": 174,
              "column": 69
            }
          }
        ],
        "line": 174
      },
      "14": {
        "loc": {
          "start": {
            "line": 190,
            "column": 15
          },
          "end": {
            "line": 190,
            "column": 91
          }
        },
        "type": "binary-expr",
        "locations": [
          {
            "start": {
              "line": 190,
              "column": 15
            },
            "end": {
              "line": 190,
              "column": 29
            }
          },
          {
            "start": {
              "line": 190,
              "column": 33
            },
            "end": {
              "line": 190,
              "column": 91
            }
          }
        ],
        "line": 190
      },
      "15": {
        "loc": {
          "start": {
            "line": 196,
            "column": 12
          },
          "end": {
            "line": 198,
            "column": 13
          }
        },
        "type": "if",
        "locations": [
          {
            "start": {
              "line": 196,
              "column": 12
            },
            "end": {
              "line": 198,
              "column": 13
            }
          },
          {
            "start": {
              "line": 196,
              "column": 12
            },
            "end": {
              "line": 198,
              "column": 13
            }
          }
        ],
        "line": 196
      },
      "16": {
        "loc": {
          "start": {
            "line": 196,
            "column": 16
          },
          "end": {
            "line": 196,
            "column": 43
          }
        },
        "type": "binary-expr",
        "locations": [
          {
            "start": {
              "line": 196,
              "column": 16
            },
            "end": {
              "line": 196,
              "column": 35
            }
          },
          {
            "start": {
              "line": 196,
              "column": 39
            },
            "end": {
              "line": 196,
              "column": 43
            }
          }
        ],
        "line": 196
      }
    },
    "s": {
      "0": 110,
      "1": 110,
      "2": 110,
      "3": 61,
      "4": 61,
      "5": 61,
      "6": 110,
      "7": 0,
      "8": 0,
      "9": 0,
      "10": 0,
      "11": 0,
      "12": 0,
      "13": 0,
      "14": 0,
      "15": 0,
      "16": 0,
      "17": 0,
      "18": 0,
      "19": 0,
      "20": 0,
      "21": 0,
      "22": 0,
      "23": 0,
      "24": 0,
      "25": 0,
      "26": 0,
      "27": 0,
      "28": 0,
      "29": 0,
      "30": 0,
      "31": 232,
      "32": 110,
      "33": 122,
      "34": 122,
      "35": 0,
      "36": 122,
      "37": 842,
      "38": 646,
      "39": 0,
      "40": 122,
      "41": 23014,
      "42": 23014,
      "43": 161086,
      "44": 116834,
      "45": 116834,
      "46": 116834,
      "47": 0,
      "48": 116834,
      "49": 75926,
      "50": 40908,
      "51": 40908,
      "52": 40908,
      "53": 40908,
      "54": 161928,
      "55": 161928,
      "56": 1133352,
      "57": 646,
      "58": 646,
      "59": 2668,
      "60": 390,
      "61": 256
    },
    "f": {
      "0": 110,
      "1": 61,
      "2": 0,
      "3": 232,
      "4": 122,
      "5": 842,
      "6": 0,
      "7": 122,
      "8": 23014,
      "9": 23014,
      "10": 161086,
      "11": 116834,
      "12": 161928,
      "13": 1133352,
      "14": 646
    },
    "b": {
      "0": [
        61,
        0
      ],
      "1": [
        0,
        0
      ],
      "2": [
        0,
        0
      ],
      "3": [
        0,
        0
      ],
      "4": [
        110,
        122
      ],
      "5": [
        122,
        0
      ],
      "6": [
        646,
        196
      ],
      "7": [
        390,
        256
      ],
      "8": [
        116834,
        44252
      ],
      "9": [
        0,
        116834
      ],
      "10": [
        75926,
        40908
      ],
      "11": [
        40908,
        0
      ],
      "12": [
        40908,
        0
      ],
      "13": [
        40908,
        0
      ],
      "14": [
        161928,
        161928
      ],
      "15": [
        390,
        2278
      ],
      "16": [
        2668,
        646
      ]
    },
    "_coverageSchema": "1a1c01bbd47fc00a2c39e90264f33305004495a9",
    "hash": "113381e38744d7fd700e66bc7a902bc9fa011658"
  },
  "C:\\Users\\inder\\test\\7-MailIt\\src\\components\\CheckList.js": {
    "path": "C:\\Users\\inder\\test\\7-MailIt\\src\\components\\CheckList.js",
    "statementMap": {
      "0": {
        "start": {
          "line": 10,
          "column": 8
        },
        "end": {
          "line": 10,
          "column": 21
        }
      },
      "1": {
        "start": {
          "line": 11,
          "column": 8
        },
        "end": {
          "line": 11,
          "column": 52
        }
      },
      "2": {
        "start": {
          "line": 13,
          "column": 8
        },
        "end": {
          "line": 13,
          "column": 49
        }
      },
      "3": {
        "start": {
          "line": 17,
          "column": 8
        },
        "end": {
          "line": 17,
          "column": 32
        }
      },
      "4": {
        "start": {
          "line": 18,
          "column": 8
        },
        "end": {
          "line": 36,
          "column": 9
        }
      },
      "5": {
        "start": {
          "line": 21,
          "column": 20
        },
        "end": {
          "line": 33,
          "column": 22
        }
      },
      "6": {
        "start": {
          "line": 29,
          "column": 52
        },
        "end": {
          "line": 29,
          "column": 80
        }
      },
      "7": {
        "start": {
          "line": 40,
          "column": 30
        },
        "end": {
          "line": 40,
          "column": 60
        }
      },
      "8": {
        "start": {
          "line": 41,
          "column": 8
        },
        "end": {
          "line": 45,
          "column": 9
        }
      },
      "9": {
        "start": {
          "line": 42,
          "column": 12
        },
        "end": {
          "line": 44,
          "column": 13
        }
      },
      "10": {
        "start": {
          "line": 43,
          "column": 16
        },
        "end": {
          "line": 43,
          "column": 56
        }
      },
      "11": {
        "start": {
          "line": 46,
          "column": 8
        },
        "end": {
          "line": 46,
          "column": 54
        }
      },
      "12": {
        "start": {
          "line": 47,
          "column": 8
        },
        "end": {
          "line": 47,
          "column": 45
        }
      }
    },
    "fnMap": {
      "0": {
        "name": "(anonymous_0)",
        "decl": {
          "start": {
            "line": 9,
            "column": 4
          },
          "end": {
            "line": 9,
            "column": 5
          }
        },
        "loc": {
          "start": {
            "line": 9,
            "column": 23
          },
          "end": {
            "line": 14,
            "column": 5
          }
        },
        "line": 9
      },
      "1": {
        "name": "(anonymous_1)",
        "decl": {
          "start": {
            "line": 16,
            "column": 4
          },
          "end": {
            "line": 16,
            "column": 5
          }
        },
        "loc": {
          "start": {
            "line": 16,
            "column": 13
          },
          "end": {
            "line": 37,
            "column": 5
          }
        },
        "line": 16
      },
      "2": {
        "name": "(anonymous_2)",
        "decl": {
          "start": {
            "line": 20,
            "column": 44
          },
          "end": {
            "line": 20,
            "column": 45
          }
        },
        "loc": {
          "start": {
            "line": 20,
            "column": 57
          },
          "end": {
            "line": 34,
            "column": 17
          }
        },
        "line": 20
      },
      "3": {
        "name": "(anonymous_3)",
        "decl": {
          "start": {
            "line": 29,
            "column": 46
          },
          "end": {
            "line": 29,
            "column": 47
          }
        },
        "loc": {
          "start": {
            "line": 29,
            "column": 52
          },
          "end": {
            "line": 29,
            "column": 80
          }
        },
        "line": 29
      },
      "4": {
        "name": "(anonymous_4)",
        "decl": {
          "start": {
            "line": 39,
            "column": 4
          },
          "end": {
            "line": 39,
            "column": 5
          }
        },
        "loc": {
          "start": {
            "line": 39,
            "column": 20
          },
          "end": {
            "line": 48,
            "column": 5
          }
        },
        "line": 39
      }
    },
    "branchMap": {
      "0": {
        "loc": {
          "start": {
            "line": 42,
            "column": 12
          },
          "end": {
            "line": 44,
            "column": 13
          }
        },
        "type": "if",
        "locations": [
          {
            "start": {
              "line": 42,
              "column": 12
            },
            "end": {
              "line": 44,
              "column": 13
            }
          },
          {
            "start": {
              "line": 42,
              "column": 12
            },
            "end": {
              "line": 44,
              "column": 13
            }
          }
        ],
        "line": 42
      }
    },
    "s": {
      "0": 0,
      "1": 0,
      "2": 0,
      "3": 0,
      "4": 0,
      "5": 0,
      "6": 0,
      "7": 0,
      "8": 0,
      "9": 0,
      "10": 0,
      "11": 0,
      "12": 0
    },
    "f": {
      "0": 0,
      "1": 0,
      "2": 0,
      "3": 0,
      "4": 0
    },
    "b": {
      "0": [
        0,
        0
      ]
    },
    "_coverageSchema": "1a1c01bbd47fc00a2c39e90264f33305004495a9",
    "hash": "2f395cc23bd3b4f1c0e981f18143ad6e31d75e57"
  },
  "C:\\Users\\inder\\test\\7-MailIt\\src\\components\\home-page\\TemplateLogTable.js": {
    "path": "C:\\Users\\inder\\test\\7-MailIt\\src\\components\\home-page\\TemplateLogTable.js",
    "statementMap": {
      "0": {
        "start": {
          "line": 9,
          "column": 18
        },
        "end": {
          "line": 9,
          "column": 82
        }
      },
      "1": {
        "start": {
          "line": 13,
          "column": 8
        },
        "end": {
          "line": 13,
          "column": 21
        }
      },
      "2": {
        "start": {
          "line": 14,
          "column": 8
        },
        "end": {
          "line": 14,
          "column": 118
        }
      },
      "3": {
        "start": {
          "line": 15,
          "column": 8
        },
        "end": {
          "line": 15,
          "column": 78
        }
      },
      "4": {
        "start": {
          "line": 16,
          "column": 8
        },
        "end": {
          "line": 16,
          "column": 71
        }
      },
      "5": {
        "start": {
          "line": 17,
          "column": 8
        },
        "end": {
          "line": 17,
          "column": 57
        }
      },
      "6": {
        "start": {
          "line": 18,
          "column": 8
        },
        "end": {
          "line": 18,
          "column": 59
        }
      },
      "7": {
        "start": {
          "line": 19,
          "column": 8
        },
        "end": {
          "line": 19,
          "column": 79
        }
      },
      "8": {
        "start": {
          "line": 23,
          "column": 8
        },
        "end": {
          "line": 23,
          "column": 27
        }
      },
      "9": {
        "start": {
          "line": 27,
          "column": 8
        },
        "end": {
          "line": 29,
          "column": 9
        }
      },
      "10": {
        "start": {
          "line": 28,
          "column": 12
        },
        "end": {
          "line": 28,
          "column": 31
        }
      },
      "11": {
        "start": {
          "line": 38,
          "column": 20
        },
        "end": {
          "line": 45,
          "column": 11
        }
      },
      "12": {
        "start": {
          "line": 47,
          "column": 10
        },
        "end": {
          "line": 59,
          "column": 11
        }
      },
      "13": {
        "start": {
          "line": 49,
          "column": 12
        },
        "end": {
          "line": 49,
          "column": 49
        }
      },
      "14": {
        "start": {
          "line": 50,
          "column": 24
        },
        "end": {
          "line": 50,
          "column": 55
        }
      },
      "15": {
        "start": {
          "line": 51,
          "column": 12
        },
        "end": {
          "line": 55,
          "column": 16
        }
      },
      "16": {
        "start": {
          "line": 52,
          "column": 16
        },
        "end": {
          "line": 54,
          "column": 17
        }
      },
      "17": {
        "start": {
          "line": 53,
          "column": 20
        },
        "end": {
          "line": 53,
          "column": 33
        }
      },
      "18": {
        "start": {
          "line": 58,
          "column": 12
        },
        "end": {
          "line": 58,
          "column": 31
        }
      },
      "19": {
        "start": {
          "line": 63,
          "column": 20
        },
        "end": {
          "line": 63,
          "column": 36
        }
      },
      "20": {
        "start": {
          "line": 64,
          "column": 8
        },
        "end": {
          "line": 67,
          "column": 9
        }
      },
      "21": {
        "start": {
          "line": 65,
          "column": 26
        },
        "end": {
          "line": 65,
          "column": 63
        }
      },
      "22": {
        "start": {
          "line": 65,
          "column": 57
        },
        "end": {
          "line": 65,
          "column": 62
        }
      },
      "23": {
        "start": {
          "line": 68,
          "column": 8
        },
        "end": {
          "line": 87,
          "column": 10
        }
      },
      "24": {
        "start": {
          "line": 75,
          "column": 24
        },
        "end": {
          "line": 77,
          "column": 25
        }
      },
      "25": {
        "start": {
          "line": 76,
          "column": 28
        },
        "end": {
          "line": 76,
          "column": 65
        }
      },
      "26": {
        "start": {
          "line": 78,
          "column": 43
        },
        "end": {
          "line": 78,
          "column": 58
        }
      },
      "27": {
        "start": {
          "line": 83,
          "column": 20
        },
        "end": {
          "line": 83,
          "column": 87
        }
      },
      "28": {
        "start": {
          "line": 91,
          "column": 32
        },
        "end": {
          "line": 91,
          "column": 34
        }
      },
      "29": {
        "start": {
          "line": 92,
          "column": 8
        },
        "end": {
          "line": 96,
          "column": 9
        }
      },
      "30": {
        "start": {
          "line": 93,
          "column": 12
        },
        "end": {
          "line": 95,
          "column": 13
        }
      },
      "31": {
        "start": {
          "line": 94,
          "column": 16
        },
        "end": {
          "line": 94,
          "column": 46
        }
      },
      "32": {
        "start": {
          "line": 97,
          "column": 8
        },
        "end": {
          "line": 97,
          "column": 79
        }
      },
      "33": {
        "start": {
          "line": 101,
          "column": 8
        },
        "end": {
          "line": 103,
          "column": 9
        }
      },
      "34": {
        "start": {
          "line": 102,
          "column": 12
        },
        "end": {
          "line": 102,
          "column": 72
        }
      },
      "35": {
        "start": {
          "line": 107,
          "column": 27
        },
        "end": {
          "line": 115,
          "column": 9
        }
      },
      "36": {
        "start": {
          "line": 116,
          "column": 20
        },
        "end": {
          "line": 116,
          "column": 33
        }
      },
      "37": {
        "start": {
          "line": 117,
          "column": 8
        },
        "end": {
          "line": 127,
          "column": 9
        }
      },
      "38": {
        "start": {
          "line": 118,
          "column": 12
        },
        "end": {
          "line": 124,
          "column": 13
        }
      },
      "39": {
        "start": {
          "line": 118,
          "column": 25
        },
        "end": {
          "line": 118,
          "column": 26
        }
      },
      "40": {
        "start": {
          "line": 119,
          "column": 34
        },
        "end": {
          "line": 119,
          "column": 49
        }
      },
      "41": {
        "start": {
          "line": 120,
          "column": 16
        },
        "end": {
          "line": 123,
          "column": 19
        }
      },
      "42": {
        "start": {
          "line": 126,
          "column": 12
        },
        "end": {
          "line": 126,
          "column": 65
        }
      },
      "43": {
        "start": {
          "line": 128,
          "column": 32
        },
        "end": {
          "line": 128,
          "column": 81
        }
      },
      "44": {
        "start": {
          "line": 129,
          "column": 8
        },
        "end": {
          "line": 129,
          "column": 57
        }
      },
      "45": {
        "start": {
          "line": 130,
          "column": 8
        },
        "end": {
          "line": 130,
          "column": 43
        }
      },
      "46": {
[...]
            "line": 183,
            "column": 5
          }
        },
        "line": 177
      }
    },
    "branchMap": {
      "0": {
        "loc": {
          "start": {
            "line": 64,
            "column": 8
          },
          "end": {
            "line": 66,
            "column": 9
          }
        },
        "type": "if",
        "locations": [
          {
            "start": {
              "line": 64,
              "column": 8
            },
            "end": {
              "line": 66,
              "column": 9
            }
          },
          {
            "start": {
              "line": 64,
              "column": 8
            },
            "end": {
              "line": 66,
              "column": 9
            }
          }
        ],
        "line": 64
      },
      "1": {
        "loc": {
          "start": {
            "line": 67,
            "column": 8
          },
          "end": {
            "line": 103,
            "column": 9
          }
        },
        "type": "if",
        "locations": [
          {
            "start": {
              "line": 67,
              "column": 8
            },
            "end": {
              "line": 103,
              "column": 9
            }
          },
          {
            "start": {
              "line": 67,
              "column": 8
            },
            "end": {
              "line": 103,
              "column": 9
            }
          }
        ],
        "line": 67
      },
      "2": {
        "loc": {
          "start": {
            "line": 95,
            "column": 25
          },
          "end": {
            "line": 99,
            "column": 47
          }
        },
        "type": "cond-expr",
        "locations": [
          {
            "start": {
              "line": 95,
              "column": 32
            },
            "end": {
              "line": 98,
              "column": 29
            }
          },
          {
            "start": {
              "line": 99,
              "column": 24
            },
            "end": {
              "line": 99,
              "column": 47
            }
          }
        ],
        "line": 95
      },
      "3": {
        "loc": {
          "start": {
            "line": 116,
            "column": 8
          },
          "end": {
            "line": 126,
            "column": 9
          }
        },
        "type": "if",
        "locations": [
          {
            "start": {
              "line": 116,
              "column": 8
            },
            "end": {
              "line": 126,
              "column": 9
            }
          },
          {
            "start": {
              "line": 116,
              "column": 8
            },
            "end": {
              "line": 126,
              "column": 9
            }
          }
        ],
        "line": 116
      },
      "4": {
        "loc": {
          "start": {
            "line": 137,
            "column": 12
          },
          "end": {
            "line": 171,
            "column": 17
          }
        },
        "type": "switch",
        "locations": [
          {
            "start": {
              "line": 138,
              "column": 16
            },
            "end": {
              "line": 141,
              "column": 17
            }
          },
          {
            "start": {
              "line": 142,
              "column": 16
            },
            "end": {
              "line": 146,
              "column": 17
            }
          },
          {
            "start": {
              "line": 147,
              "column": 16
            },
            "end": {
              "line": 151,
              "column": 17
            }
          },
          {
            "start": {
              "line": 152,
              "column": 16
            },
            "end": {
              "line": 156,
              "column": 17
            }
          },
          {
            "start": {
              "line": 157,
              "column": 16
            },
            "end": {
              "line": 161,
              "column": 17
            }
          },
          {
            "start": {
              "line": 162,
              "column": 16
            },
            "end": {
              "line": 166,
              "column": 17
            }
          }
        ],
        "line": 137
      },
      "5": {
        "loc": {
          "start": {
            "line": 179,
            "column": 12
          },
          "end": {
            "line": 181,
            "column": 13
          }
        },
        "type": "if",
        "locations": [
          {
            "start": {
              "line": 179,
              "column": 12
            },
            "end": {
              "line": 181,
              "column": 13
            }
          },
          {
            "start": {
              "line": 179,
              "column": 12
            },
            "end": {
              "line": 181,
              "column": 13
            }
          }
        ],
        "line": 179
      }
    },
    "s": {
      "0": 12,
      "1": 12,
      "2": 12,
      "3": 12,
      "4": 12,
      "5": 6,
      "6": 6,
      "7": 6,
      "8": 6,
      "9": 6,
      "10": 6,
      "11": 6,
      "12": 0,
      "13": 6,
      "14": 24,
      "15": 24,
      "16": 12,
      "17": 72,
      "18": 24,
      "19": 0,
      "20": 24,
      "21": 72,
      "22": 6,
      "23": 6,
      "24": 6,
      "25": 6,
      "26": 6,
      "27": 36,
      "28": 36,
      "29": 0,
      "30": 6,
      "31": 6,
      "32": 6,
      "33": 6,
      "34": 36,
      "35": 36,
      "36": 36,
      "37": 36,
      "38": 6,
      "39": 6,
      "40": 6,
      "41": 6,
      "42": 6,
      "43": 6,
      "44": 6,
      "45": 6,
      "46": 6,
      "47": 6,
      "48": 6,
      "49": 6,
      "50": 6,
      "51": 6,
      "52": 6,
      "53": 6,
      "54": 6,
      "55": 36,
      "56": 6,
      "57": 6,
      "58": 6
    },
    "f": {
      "0": 12,
      "1": 6,
      "2": 6,
      "3": 0,
      "4": 6,
      "5": 24,
      "6": 72,
      "7": 72,
      "8": 6,
      "9": 36,
      "10": 6
    },
    "b": {
      "0": [
        12,
        12
      ],
      "1": [
        0,
        24
      ],
      "2": [
        12,
        12
      ],
      "3": [
        6,
        0
      ],
      "4": [
        6,
        6,
        6,
        6,
        6,
        6
      ],
      "5": [
        6,
        0
      ]
    },
    "_coverageSchema": "1a1c01bbd47fc00a2c39e90264f33305004495a9",
    "hash": "9650989c0450f9e8c0fab3d8249f282f85ef7d2d"
  },
  "C:\\Users\\inder\\test\\7-MailIt\\src\\components\\UnderConstructionPage.js": {
    "path": "C:\\Users\\inder\\test\\7-MailIt\\src\\components\\UnderConstructionPage.js",
    "statementMap": {
      "0": {
        "start": {
          "line": 6,
          "column": 2
        },
        "end": {
          "line": 6,
          "column": 15
        }
      },
      "1": {
        "start": {
          "line": 7,
          "column": 2
        },
        "end": {
          "line": 9,
          "column": 3
        }
      },
      "2": {
        "start": {
          "line": 12,
          "column": 2
        },
        "end": {
          "line": 18,
          "column": 3
        }
      },
      "3": {
        "start": {
          "line": 13,
          "column": 3
        },
        "end": {
          "line": 13,
          "column": 28
        }
      },
      "4": {
        "start": {
          "line": 15,
          "column": 3
        },
        "end": {
          "line": 17,
          "column": 5
        }
      }
    },
    "fnMap": {
      "0": {
        "name": "(anonymous_0)",
        "decl": {
          "start": {
            "line": 5,
            "column": 1
          },
          "end": {
            "line": 5,
            "column": 2
          }
        },
        "loc": {
          "start": {
            "line": 5,
            "column": 20
          },
          "end": {
            "line": 10,
            "column": 2
          }
        },
        "line": 5
      },
      "1": {
        "name": "(anonymous_1)",
        "decl": {
          "start": {
            "line": 11,
            "column": 1
          },
          "end": {
            "line": 11,
            "column": 2
          }
        },
        "loc": {
          "start": {
            "line": 11,
            "column": 10
          },
          "end": {
            "line": 19,
            "column": 2
          }
        },
        "line": 11
      }
    },
    "branchMap": {
      "0": {
        "loc": {
          "start": {
            "line": 12,
            "column": 2
          },
          "end": {
            "line": 18,
            "column": 3
          }
        },
        "type": "if",
        "locations": [
          {
            "start": {
              "line": 12,
              "column": 2
            },
            "end": {
              "line": 18,
              "column": 3
            }
          },
          {
            "start": {
              "line": 12,
              "column": 2
            },
            "end": {
              "line": 18,
              "column": 3
            }
          }
        ],
        "line": 12
      }
    },
    "s": {
      "0": 0,
      "1": 0,
      "2": 0,
      "3": 0,
      "4": 0
    },
    "f": {
      "0": 0,
      "1": 0
    },
    "b": {
      "0": [
        0,
        0
      ]
    },
    "_coverageSchema": "1a1c01bbd47fc00a2c39e90264f33305004495a9",
    "hash": "5165785b79f15b8258b957aeaae066b725c0b5d7"
  },
  "C:\\Users\\inder\\test\\7-MailIt\\src\\App.js": {
    "path": "C:\\Users\\inder\\test\\7-MailIt\\src\\App.js",
    "statementMap": {
      "0": {
        "start": {
          "line": 14,
          "column": 30
        },
        "end": {
          "line": 14,
          "column": 44
        }
      },
      "1": {
        "start": {
          "line": 16,
          "column": 4
        },
        "end": {
          "line": 19,
          "column": 5
        }
      },
      "2": {
        "start": {
          "line": 17,
          "column": 8
        },
        "end": {
          "line": 17,
          "column": 19
        }
      },
      "3": {
        "start": {
          "line": 21,
          "column": 8
        },
        "end": {
          "line": 48,
          "column": 10
        }
      },
      "4": {
        "start": {
          "line": 30,
          "column": 33
        },
        "end": {
          "line": 30,
          "column": 71
        }
      },
      "5": {
        "start": {
          "line": 34,
          "column": 33
        },
        "end": {
          "line": 34,
          "column": 75
        }
      },
      "6": {
        "start": {
          "line": 38,
          "column": 33
        },
        "end": {
          "line": 38,
          "column": 72
        }
      },
      "7": {
        "start": {
          "line": 42,
          "column": 33
        },
        "end": {
          "line": 42,
          "column": 80
        }
      }
    },
    "fnMap": {
      "0": {
        "name": "App",
        "decl": {
          "start": {
            "line": 12,
            "column": 9
          },
          "end": {
            "line": 12,
            "column": 12
          }
        },
        "loc": {
          "start": {
            "line": 12,
            "column": 15
          },
          "end": {
            "line": 49,
            "column": 1
          }
        },
        "line": 12
      },
      "1": {
        "name": "(anonymous_1)",
        "decl": {
          "start": {
            "line": 16,
            "column": 14
          },
          "end": {
            "line": 16,
            "column": 15
          }
        },
        "loc": {
          "start": {
            "line": 16,
            "column": 20
          },
          "end": {
            "line": 18,
            "column": 9
          }
        },
        "line": 16
      },
      "2": {
        "name": "(anonymous_2)",
        "decl": {
          "start": {
            "line": 29,
            "column": 39
          },
          "end": {
            "line": 29,
            "column": 40
          }
        },
        "loc": {
          "start": {
            "line": 30,
            "column": 33
          },
          "end": {
            "line": 30,
            "column": 71
          }
        },
        "line": 30
      },
      "3": {
        "name": "(anonymous_3)",
        "decl": {
          "start": {
            "line": 33,
            "column": 64
          },
          "end": {
            "line": 33,
            "column": 65
          }
        },
        "loc": {
          "start": {
            "line": 34,
            "column": 33
          },
          "end": {
            "line": 34,
            "column": 75
          }
        },
        "line": 34
      },
      "4": {
        "name": "(anonymous_4)",
        "decl": {
          "start": {
            "line": 37,
            "column": 61
          },
          "end": {
            "line": 37,
            "column": 62
          }
        },
        "loc": {
          "start": {
            "line": 38,
            "column": 33
          },
          "end": {
            "line": 38,
            "column": 72
          }
        },
        "line": 38
      },
      "5": {
        "name": "(anonymous_5)",
        "decl": {
          "start": {
            "line": 41,
            "column": 69
          },
          "end": {
            "line": 41,
            "column": 70
          }
        },
        "loc": {
          "start": {
            "line": 42,
            "column": 33
          },
          "end": {
            "line": 42,
            "column": 80
          }
        },
        "line": 42
      }
    },
    "branchMap": {},
    "s": {
      "0": 117,
      "1": 80,
      "2": 40,
      "3": 80,
      "4": 13,
      "5": 6,
      "6": 6,
      "7": 0
    },
    "f": {
      "0": 117,
      "1": 40,
      "2": 13,
      "3": 6,
      "4": 6,
      "5": 0
    },
    "b": {},
    "_coverageSchema": "1a1c01bbd47fc00a2c39e90264f33305004495a9",
    "hash": "36f285fbbdfdbbf73a673138dd61549579a85a49"
  },
  "C:\\Users\\inder\\test\\7-MailIt\\src\\reportWebVitals.js": {
    "path": "C:\\Users\\inder\\test\\7-MailIt\\src\\reportWebVitals.js",
    "statementMap": {
      "0": {
        "start": {
          "line": 1,
          "column": 24
        },
        "end": {
          "line": 11,
          "column": 1
        }
      },
      "1": {
        "start": {
          "line": 2,
          "column": 2
        },
        "end": {
          "line": 10,
          "column": 3
        }
      },
      "2": {
        "start": {
          "line": 3,
          "column": 4
        },
        "end": {
          "line": 9,
          "column": 7
        }
      },
      "3": {
        "start": {
          "line": 4,
          "column": 6
        },
        "end": {
          "line": 4,
          "column": 26
        }
      },
      "4": {
        "start": {
          "line": 5,
          "column": 6
        },
        "end": {
          "line": 5,
          "column": 26
        }
      },
      "5": {
        "start": {
          "line": 6,
          "column": 6
        },
        "end": {
          "line": 6,
          "column": 26
        }
      },
      "6": {
        "start": {
          "line": 7,
          "column": 6
        },
        "end": {
          "line": 7,
          "column": 26
        }
      },
      "7": {
        "start": {
          "line": 8,
          "column": 6
        },
        "end": {
          "line": 8,
          "column": 27
        }
      }
    },
    "fnMap": {
      "0": {
        "name": "(anonymous_0)",
        "decl": {
          "start": {
            "line": 1,
            "column": 24
          },
          "end": {
            "line": 1,
            "column": 25
          }
        },
        "loc": {
          "start": {
            "line": 1,
            "column": 39
          },
          "end": {
            "line": 11,
            "column": 1
          }
        },
        "line": 1
      },
      "1": {
        "name": "(anonymous_1)",
        "decl": {
          "start": {
            "line": 3,
            "column": 30
          },
          "end": {
            "line": 3,
            "column": 31
          }
        },
        "loc": {
          "start": {
            "line": 3,
            "column": 79
          },
          "end": {
            "line": 9,
            "column": 5
          }
        },
        "line": 3
      }
    },
    "branchMap": {
      "0": {
        "loc": {
          "start": {
            "line": 2,
            "column": 2
          },
          "end": {
            "line": 10,
            "column": 3
          }
        },
        "type": "if",
        "locations": [
          {
            "start": {
              "line": 2,
              "column": 2
            },
            "end": {
              "line": 10,
              "column": 3
            }
          },
          {
            "start": {
              "line": 2,
              "column": 2
            },
            "end": {
              "line": 10,
              "column": 3
            }
          }
        ],
        "line": 2
      },
      "1": {
        "loc": {
          "start": {
            "line": 2,
            "column": 6
          },
          "end": {
            "line": 2,
            "column": 52
          }
        },
        "type": "binary-expr",
        "locations": [
          {
            "start": {
              "line": 2,
              "column": 6
            },
            "end": {
              "line": 2,
              "column": 17
            }
          },
          {
            "start": {
              "line": 2,
              "column": 21
            },
            "end": {
              "line": 2,
              "column": 52
            }
          }
        ],
        "line": 2
      }
    },
    "s": {
      "0": 40,
      "1": 40,
      "2": 0,
      "3": 0,
      "4": 0,
      "5": 0,
      "6": 0,
      "7": 0
    },
    "f": {
      "0": 40,
      "1": 0
    },
    "b": {
      "0": [
        0,
        40
      ],
      "1": [
        40,
        0
      ]
    },
    "_coverageSchema": "1a1c01bbd47fc00a2c39e90264f33305004495a9",
    "hash": "c4297ce8e803b4eff25bbc3b70ea346e0838d4a3"
  },
  "C:\\Users\\inder\\test\\7-MailIt\\src\\aws-exports.js": {
    "path": "C:\\Users\\inder\\test\\7-MailIt\\src\\aws-exports.js",
    "statementMap": {
      "0": {
        "start": {
          "line": 4,
          "column": 18
        },
        "end": {
          "line": 11,
          "column": 1
        }
      }
    },
    "fnMap": {},
    "branchMap": {},
    "s": {
      "0": 40
    },
    "f": {},
    "b": {},
    "_coverageSchema": "1a1c01bbd47fc00a2c39e90264f33305004495a9",
    "hash": "bc4d7e2aef9a381d1e8cd511b6e4e56defc9c6aa"
  },
  "C:\\Users\\inder\\test\\7-MailIt\\src\\index.js": {
    "path": "C:\\Users\\inder\\test\\7-MailIt\\src\\index.js",
    "statementMap": {
      "0": {
        "start": {
          "line": 17,
          "column": 0
        },
        "end": {
          "line": 17,
          "column": 25
        }
      },
      "1": {
        "start": {
          "line": 19,
          "column": 0
        },
        "end": {
          "line": 24,
          "column": 2
        }
      },
      "2": {
        "start": {
          "line": 29,
          "column": 0
        },
        "end": {
          "line": 29,
          "column": 18
        }
      }
    },
    "fnMap": {},
    "branchMap": {},
    "s": {
      "0": 40,
      "1": 40,
      "2": 40
    },
    "f": {},
    "b": {},
    "_coverageSchema": "1a1c01bbd47fc00a2c39e90264f33305004495a9",
    "hash": "4293a4aed7b8a7adef197ee28cfcfc08b15d2d6b"
  }
}